# JRE version: OpenJDK Runtime Environment (8.0_152-b01) (build 1.8.0_152-release-915-b01)
# Java VM: OpenJDK 64-Bit Server VM (25.152-b01 mixed mode linux-amd64 compressed oops)
Heap:
 PSYoungGen      total 351232K, used 0K [0x00000000e0000000, 0x00000000f8500000, 0x0000000100000000)
  eden space 313344K, 0% used [0x00000000e0000000,0x00000000e0000000,0x00000000f3200000)
  from space 37888K, 0% used [0x00000000f6000000,0x00000000f6000000,0x00000000f8500000)
  to   space 42496K, 0% used [0x00000000f3200000,0x00000000f3200000,0x00000000f5b80000)
 ParOldGen       total 84480K, used 75641K [0x00000000a0000000, 0x00000000a5280000, 0x00000000e0000000)
  object space 84480K, 89% used [0x00000000a0000000,0x00000000a49de478,0x00000000a5280000)
 Metaspace       used 87185K, capacity 91790K, committed 92120K, reserved 1128448K
  class space    used 11405K, capacity 12515K, committed 12544K, reserved 1048576K
GC Heap History (10 events):
Event: 17.996 GC heap after
Heap after GC invocations=15 (full 3):
 PSYoungGen      total 214528K, used 0K [0x00000000e0000000, 0x00000000f0580000, 0x0000000100000000)
  eden space 193024K, 0% used [0x00000000e0000000,0x00000000e0000000,0x00000000ebc80000)
  from space 21504K, 0% used [0x00000000ed300000,0x00000000ed300000,0x00000000ee800000)
  to   space 23040K, 0% used [0x00000000ebc80000,0x00000000ebc80000,0x00000000ed300000)
 ParOldGen       total 84480K, used 31116K [0x00000000a0000000, 0x00000000a5280000, 0x00000000e0000000)
  object space 84480K, 36% used [0x00000000a0000000,0x00000000a1e63208,0x00000000a5280000)
 Metaspace       used 56888K, capacity 58718K, committed 59028K, reserved 1099776K
  class space    used 7653K, capacity 8145K, committed 8192K, reserved 1048576K
}
Event: 19.696 GC heap before
{Heap before GC invocations=16 (full 3):
 PSYoungGen      total 214528K, used 193024K [0x00000000e0000000, 0x00000000f0580000, 0x0000000100000000)
  eden space 193024K, 100% used [0x00000000e0000000,0x00000000ebc80000,0x00000000ebc80000)
  from space 21504K, 0% used [0x00000000ed300000,0x00000000ed300000,0x00000000ee800000)
  to   space 23040K, 0% used [0x00000000ebc80000,0x00000000ebc80000,0x00000000ed300000)
 ParOldGen       total 84480K, used 31116K [0x00000000a0000000, 0x00000000a5280000, 0x00000000e0000000)
  object space 84480K, 36% used [0x00000000a0000000,0x00000000a1e63208,0x00000000a5280000)
 Metaspace       used 63250K, capacity 65550K, committed 65880K, reserved 1105920K
  class space    used 8630K, capacity 9224K, committed 9344K, reserved 1048576K
Event: 19.727 GC heap after
Heap after GC invocations=16 (full 3):
 PSYoungGen      total 216064K, used 21647K [0x00000000e0000000, 0x00000000f3080000, 0x0000000100000000)
  eden space 193024K, 0% used [0x00000000e0000000,0x00000000e0000000,0x00000000ebc80000)
  from space 23040K, 93% used [0x00000000ebc80000,0x00000000ed1a3d48,0x00000000ed300000)
  to   space 26112K, 0% used [0x00000000f1700000,0x00000000f1700000,0x00000000f3080000)
 ParOldGen       total 84480K, used 31124K [0x00000000a0000000, 0x00000000a5280000, 0x00000000e0000000)
  object space 84480K, 36% used [0x00000000a0000000,0x00000000a1e65208,0x00000000a5280000)
 Metaspace       used 63250K, capacity 65550K, committed 65880K, reserved 1105920K
  class space    used 8630K, capacity 9224K, committed 9344K, reserved 1048576K
}
Event: 51.956 GC heap before
{Heap before GC invocations=17 (full 3):
 PSYoungGen      total 216064K, used 214671K [0x00000000e0000000, 0x00000000f3080000, 0x0000000100000000)
  eden space 193024K, 100% used [0x00000000e0000000,0x00000000ebc80000,0x00000000ebc80000)
  from space 23040K, 93% used [0x00000000ebc80000,0x00000000ed1a3d48,0x00000000ed300000)
  to   space 26112K, 0% used [0x00000000f1700000,0x00000000f1700000,0x00000000f3080000)
 ParOldGen       total 84480K, used 31124K [0x00000000a0000000, 0x00000000a5280000, 0x00000000e0000000)
  object space 84480K, 36% used [0x00000000a0000000,0x00000000a1e65208,0x00000000a5280000)
 Metaspace       used 68471K, capacity 71146K, committed 71384K, reserved 1110016K
  class space    used 9253K, capacity 9937K, committed 9984K, reserved 1048576K
Event: 52.042 GC heap after
Heap after GC invocations=17 (full 3):
 PSYoungGen      total 278016K, used 26084K [0x00000000e0000000, 0x00000000f3300000, 0x0000000100000000)
  eden space 251904K, 0% used [0x00000000e0000000,0x00000000e0000000,0x00000000ef600000)
  from space 26112K, 99% used [0x00000000f1700000,0x00000000f3079058,0x00000000f3080000)
  to   space 31232K, 0% used [0x00000000ef600000,0x00000000ef600000,0x00000000f1480000)
 ParOldGen       total 84480K, used 34248K [0x00000000a0000000, 0x00000000a5280000, 0x00000000e0000000)
  object space 84480K, 40% used [0x00000000a0000000,0x00000000a21720b8,0x00000000a5280000)
 Metaspace       used 68471K, capacity 71146K, committed 71384K, reserved 1110016K
  class space    used 9253K, capacity 9937K, committed 9984K, reserved 1048576K
}
Event: 717.531 GC heap before
{Heap before GC invocations=18 (full 3):
 PSYoungGen      total 278016K, used 277988K [0x00000000e0000000, 0x00000000f3300000, 0x0000000100000000)
  eden space 251904K, 100% used [0x00000000e0000000,0x00000000ef600000,0x00000000ef600000)
  from space 26112K, 99% used [0x00000000f1700000,0x00000000f3079058,0x00000000f3080000)
  to   space 31232K, 0% used [0x00000000ef600000,0x00000000ef600000,0x00000000f1480000)
 ParOldGen       total 84480K, used 34248K [0x00000000a0000000, 0x00000000a5280000, 0x00000000e0000000)
  object space 84480K, 40% used [0x00000000a0000000,0x00000000a21720b8,0x00000000a5280000)
 Metaspace       used 82223K, capacity 86326K, committed 86360K, reserved 1124352K
  class space    used 10904K, capacity 11895K, committed 11904K, reserved 1048576K
Event: 717.641 GC heap after
Heap after GC invocations=18 (full 3):
 PSYoungGen      total 283136K, used 31212K [0x00000000e0000000, 0x00000000f8980000, 0x0000000100000000)
  eden space 251904K, 0% used [0x00000000e0000000,0x00000000e0000000,0x00000000ef600000)
  from space 31232K, 99% used [0x00000000ef600000,0x00000000f147b1c0,0x00000000f1480000)
  to   space 42496K, 0% used [0x00000000f6000000,0x00000000f6000000,0x00000000f8980000)
 ParOldGen       total 84480K, used 51621K [0x00000000a0000000, 0x00000000a5280000, 0x00000000e0000000)
  object space 84480K, 61% used [0x00000000a0000000,0x00000000a3269408,0x00000000a5280000)
 Metaspace       used 82223K, capacity 86326K, committed 86360K, reserved 1124352K
  class space    used 10904K, capacity 11895K, committed 11904K, reserved 1048576K
}
Event: 803.708 GC heap before
{Heap before GC invocations=19 (full 3):
 PSYoungGen      total 283136K, used 283116K [0x00000000e0000000, 0x00000000f8980000, 0x0000000100000000)
  eden space 251904K, 100% used [0x00000000e0000000,0x00000000ef600000,0x00000000ef600000)
  from space 31232K, 99% used [0x00000000ef600000,0x00000000f147b1c0,0x00000000f1480000)
  to   space 42496K, 0% used [0x00000000f6000000,0x00000000f6000000,0x00000000f8980000)
 ParOldGen       total 84480K, used 51621K [0x00000000a0000000, 0x00000000a5280000, 0x00000000e0000000)
  object space 84480K, 61% used [0x00000000a0000000,0x00000000a3269408,0x00000000a5280000)
 Metaspace       used 87208K, capacity 91878K, committed 92120K, reserved 1128448K
  class space    used 11412K, capacity 12523K, committed 12544K, reserved 1048576K
Event: 805.265 GC heap after
Heap after GC invocations=19 (full 3):
 PSYoungGen      total 351232K, used 24367K [0x00000000e0000000, 0x00000000f8500000, 0x0000000100000000)
  eden space 313344K, 0% used [0x00000000e0000000,0x00000000e0000000,0x00000000f3200000)
  from space 37888K, 64% used [0x00000000f6000000,0x00000000f77cbf10,0x00000000f8500000)
  to   space 42496K, 0% used [0x00000000f3200000,0x00000000f3200000,0x00000000f5b80000)
 ParOldGen       total 84480K, used 70924K [0x00000000a0000000, 0x00000000a5280000, 0x00000000e0000000)
  object space 84480K, 83% used [0x00000000a0000000,0x00000000a4543240,0x00000000a5280000)
 Metaspace       used 87208K, capacity 91878K, committed 92120K, reserved 1128448K
  class space    used 11412K, capacity 12523K, committed 12544K, reserved 1048576K
}
Event: 805.665 GC heap before
{Heap before GC invocations=20 (full 4):
 PSYoungGen      total 351232K, used 24367K [0x00000000e0000000, 0x00000000f8500000, 0x0000000100000000)
  eden space 313344K, 0% used [0x00000000e0000000,0x00000000e0000000,0x00000000f3200000)
  from space 37888K, 64% used [0x00000000f6000000,0x00000000f77cbf10,0x00000000f8500000)
  to   space 42496K, 0% used [0x00000000f3200000,0x00000000f3200000,0x00000000f5b80000)
 ParOldGen       total 84480K, used 70924K [0x00000000a0000000, 0x00000000a5280000, 0x00000000e0000000)
  object space 84480K, 83% used [0x00000000a0000000,0x00000000a4543240,0x00000000a5280000)
 Metaspace       used 87208K, capacity 91878K, committed 92120K, reserved 1128448K
  class space    used 11412K, capacity 12523K, committed 12544K, reserved 1048576K

